[11-Oct-2024 06:39:40 UTC] PHP Deprecated:  stripos(): Passing null to parameter #1 ($haystack) of type string is deprecated in /Users/macbookpro/Desktop/mitsubishi_1/static/admin/textolite.php on line 1
[11-Oct-2024 06:39:42 UTC] PHP Deprecated:  stripos(): Passing null to parameter #1 ($haystack) of type string is deprecated in /Users/macbookpro/Desktop/mitsubishi_1/static/admin/textolite.php on line 1
[11-Oct-2024 06:39:42 UTC] PHP Deprecated:  stripos(): Passing null to parameter #1 ($haystack) of type string is deprecated in /Users/macbookpro/Desktop/mitsubishi_1/static/admin/textolite.php on line 1
[11-Oct-2024 06:40:33 UTC] PHP Deprecated:  stripos(): Passing null to parameter #1 ($haystack) of type string is deprecated in /Users/macbookpro/Desktop/mitsubishi_1/static/admin/textolite.php on line 1
[11-Oct-2024 06:40:40 UTC] PHP Deprecated:  stripos(): Passing null to parameter #1 ($haystack) of type string is deprecated in /Users/macbookpro/Desktop/mitsubishi_1/static/admin/textolite.php on line 1
[11-Oct-2024 06:41:07 UTC] PHP Deprecated:  stripos(): Passing null to parameter #1 ($haystack) of type string is deprecated in /Users/macbookpro/Desktop/mitsubishi_1/static/admin/textolite.php on line 1
[11-Oct-2024 06:42:44 UTC] PHP Deprecated:  stripos(): Passing null to parameter #1 ($haystack) of type string is deprecated in /Users/macbookpro/Desktop/mitsubishi_1/static/admin/textolite.php on line 1
[11-Oct-2024 06:42:46 UTC] PHP Deprecated:  stripos(): Passing null to parameter #1 ($haystack) of type string is deprecated in /Users/macbookpro/Desktop/mitsubishi_1/static/admin/textolite.php on line 1
[11-Oct-2024 06:42:46 UTC] PHP Deprecated:  stripos(): Passing null to parameter #1 ($haystack) of type string is deprecated in /Users/macbookpro/Desktop/mitsubishi_1/static/admin/textolite.php on line 1
[11-Oct-2024 06:44:14 UTC] PHP Deprecated:  stripos(): Passing null to parameter #1 ($haystack) of type string is deprecated in /Users/macbookpro/Desktop/mitsubishi_1/static/admin/textolite.php on line 1
[11-Oct-2024 06:44:56 UTC] PHP Deprecated:  stripos(): Passing null to parameter #1 ($haystack) of type string is deprecated in /Users/macbookpro/Desktop/mitsubishi_1/static/admin/textolite.php on line 1
[11-Oct-2024 06:45:00 UTC] PHP Deprecated:  stripos(): Passing null to parameter #1 ($haystack) of type string is deprecated in /Users/macbookpro/Desktop/mitsubishi_1/static/admin/textolite.php on line 1
[11-Oct-2024 06:45:00 UTC] PHP Deprecated:  stripos(): Passing null to parameter #1 ($haystack) of type string is deprecated in /Users/macbookpro/Desktop/mitsubishi_1/static/admin/textolite.php on line 1
[11-Oct-2024 06:46:23 UTC] PHP Deprecated:  stripos(): Passing null to parameter #1 ($haystack) of type string is deprecated in /Users/macbookpro/Desktop/mitsubishi_1/static/admin/textolite.php on line 1
[11-Oct-2024 06:46:28 UTC] PHP Deprecated:  stripos(): Passing null to parameter #1 ($haystack) of type string is deprecated in /Users/macbookpro/Desktop/mitsubishi_1/static/admin/textolite.php on line 1
[11-Oct-2024 06:47:53 UTC] PHP Deprecated:  stripos(): Passing null to parameter #1 ($haystack) of type string is deprecated in /Users/macbookpro/Desktop/mitsubishi_1/static/admin/textolite.php on line 1
[11-Oct-2024 06:48:01 UTC] PHP Deprecated:  stripos(): Passing null to parameter #1 ($haystack) of type string is deprecated in /Users/macbookpro/Desktop/mitsubishi_1/static/admin/textolite.php on line 1
[11-Oct-2024 06:48:01 UTC] PHP Deprecated:  stripos(): Passing null to parameter #1 ($haystack) of type string is deprecated in /Users/macbookpro/Desktop/mitsubishi_1/static/admin/textolite.php on line 1
[11-Oct-2024 06:49:35 UTC] PHP Deprecated:  stripos(): Passing null to parameter #1 ($haystack) of type string is deprecated in /Users/macbookpro/Desktop/mitsubishi_1/static/admin/textolite.php on line 1
[11-Oct-2024 06:51:35 UTC] PHP Deprecated:  stripos(): Passing null to parameter #1 ($haystack) of type string is deprecated in /Users/macbookpro/Desktop/mitsubishi_1/admin/textolite.php on line 1
[11-Oct-2024 06:51:36 UTC] PHP Deprecated:  stripos(): Passing null to parameter #1 ($haystack) of type string is deprecated in /Users/macbookpro/Desktop/mitsubishi_1/admin/textolite.php on line 1
[11-Oct-2024 06:52:28 UTC] PHP Deprecated:  stripos(): Passing null to parameter #1 ($haystack) of type string is deprecated in /Users/macbookpro/Desktop/mitsubishi_1/static/admin/textolite.php on line 1
[11-Oct-2024 06:52:32 UTC] PHP Deprecated:  stripos(): Passing null to parameter #1 ($haystack) of type string is deprecated in /Users/macbookpro/Desktop/mitsubishi_1/static/admin/textolite.php on line 1
[11-Oct-2024 06:52:32 UTC] PHP Deprecated:  stripos(): Passing null to parameter #1 ($haystack) of type string is deprecated in /Users/macbookpro/Desktop/mitsubishi_1/static/admin/textolite.php on line 1
[11-Oct-2024 06:54:57 UTC] PHP Deprecated:  stripos(): Passing null to parameter #1 ($haystack) of type string is deprecated in /Users/macbookpro/Desktop/mitsubishi_1/admin/textolite.php on line 1
[11-Oct-2024 06:56:56 UTC] PHP Deprecated:  stripos(): Passing null to parameter #1 ($haystack) of type string is deprecated in /Users/macbookpro/Desktop/mitsubishi_1/static/admin/textolite.php on line 1
[11-Oct-2024 06:56:58 UTC] PHP Deprecated:  stripos(): Passing null to parameter #1 ($haystack) of type string is deprecated in /Users/macbookpro/Desktop/mitsubishi_1/static/admin/textolite.php on line 1
[11-Oct-2024 06:56:58 UTC] PHP Deprecated:  stripos(): Passing null to parameter #1 ($haystack) of type string is deprecated in /Users/macbookpro/Desktop/mitsubishi_1/static/admin/textolite.php on line 1
[11-Oct-2024 06:59:51 UTC] PHP Deprecated:  stripos(): Passing null to parameter #1 ($haystack) of type string is deprecated in /Users/macbookpro/Desktop/mitsubishi_1/static/admin/textolite.php on line 1
[11-Oct-2024 07:02:03 UTC] PHP Deprecated:  stripos(): Passing null to parameter #1 ($haystack) of type string is deprecated in /Users/macbookpro/Desktop/mitsubishi_1/static/admin/textolite.php on line 1
[11-Oct-2024 07:05:36 UTC] PHP Deprecated:  stripos(): Passing null to parameter #1 ($haystack) of type string is deprecated in /Users/macbookpro/Desktop/mitsubishi_1/static/admin/textolite.php on line 1
[11-Oct-2024 07:05:42 UTC] PHP Deprecated:  stripos(): Passing null to parameter #1 ($haystack) of type string is deprecated in /Users/macbookpro/Desktop/mitsubishi_1/static/admin/textolite.php on line 1
[11-Oct-2024 07:08:28 UTC] PHP Deprecated:  stripos(): Passing null to parameter #1 ($haystack) of type string is deprecated in /Users/macbookpro/Desktop/mitsubishi_1/static/admin/textolite.php on line 1
[11-Oct-2024 07:13:03 UTC] PHP Deprecated:  stripos(): Passing null to parameter #1 ($haystack) of type string is deprecated in /Users/macbookpro/Desktop/static/admin/textolite.php on line 1
[11-Oct-2024 07:15:15 UTC] PHP Deprecated:  stripos(): Passing null to parameter #1 ($haystack) of type string is deprecated in /Users/macbookpro/Desktop/static/admin/textolite.php on line 1
[11-Oct-2024 07:15:48 UTC] PHP Deprecated:  stripos(): Passing null to parameter #1 ($haystack) of type string is deprecated in /Users/macbookpro/Desktop/static/admin/textolite.php on line 1
[11-Oct-2024 07:15:48 UTC] PHP Deprecated:  stripos(): Passing null to parameter #1 ($haystack) of type string is deprecated in /Users/macbookpro/Desktop/static/admin/textolite.php on line 1
[11-Oct-2024 07:18:25 UTC] PHP Deprecated:  stripos(): Passing null to parameter #1 ($haystack) of type string is deprecated in /Users/macbookpro/Desktop/static/admin/textolite.php on line 1
[11-Oct-2024 07:18:26 UTC] PHP Deprecated:  stripos(): Passing null to parameter #1 ($haystack) of type string is deprecated in /Users/macbookpro/Desktop/static/admin/textolite.php on line 1
[11-Oct-2024 07:22:13 UTC] PHP Deprecated:  stripos(): Passing null to parameter #1 ($haystack) of type string is deprecated in /Users/macbookpro/Desktop/static/admin/index.php on line 1
[11-Oct-2024 07:22:13 UTC] PHP Deprecated:  str_ireplace(): Passing null to parameter #2 ($replace) of type array|string is deprecated in /Users/macbookpro/Desktop/static/admin/index.php on line 1
[11-Oct-2024 07:22:36 UTC] PHP Deprecated:  str_ireplace(): Passing null to parameter #2 ($replace) of type array|string is deprecated in /Users/macbookpro/Desktop/static/admin/index.php on line 1
[11-Oct-2024 07:22:55 UTC] PHP Deprecated:  stripos(): Passing null to parameter #1 ($haystack) of type string is deprecated in /Users/macbookpro/Desktop/static/admin/index.php on line 1
[11-Oct-2024 07:22:55 UTC] PHP Deprecated:  str_ireplace(): Passing null to parameter #2 ($replace) of type array|string is deprecated in /Users/macbookpro/Desktop/static/admin/index.php on line 1
[11-Oct-2024 07:24:09 UTC] PHP Deprecated:  stripos(): Passing null to parameter #1 ($haystack) of type string is deprecated in /Users/macbookpro/Desktop/static/admin/index.php on line 1
[11-Oct-2024 07:24:12 UTC] PHP Deprecated:  stripos(): Passing null to parameter #1 ($haystack) of type string is deprecated in /Users/macbookpro/Desktop/static/admin/index.php on line 1
[11-Oct-2024 07:24:12 UTC] PHP Deprecated:  stripos(): Passing null to parameter #1 ($haystack) of type string is deprecated in /Users/macbookpro/Desktop/static/admin/index.php on line 1
[11-Oct-2024 07:24:12 UTC] PHP Deprecated:  str_ireplace(): Passing null to parameter #2 ($replace) of type array|string is deprecated in /Users/macbookpro/Desktop/static/admin/index.php on line 1
